Using pre-set license
Built from '2021.1/staging' branch; Version is '2021.1.25f1 (b6f2b893ea32) revision 11989688'; Using compiler version '192528614'; Build Type 'Release'
OS: 'Windows 10 Pro; OS build 19043.1348; Version 2009; 64bit' Language: 'en' Physical Memory: 32730 MB
BatchMode: 1, IsHumanControllingUs: 0, StartBugReporterOnCrash: 0, Is64bit: 1, IsPro: 0

COMMAND LINE ARGUMENTS:
D:\ProgramFiles\2021.1.25f1\Editor\Unity.exe
-adb2
-batchMode
-noUpm
-name
AssetImportWorker0
-projectPath
D:/GitHub/Hedge-Maze-Game
-logFile
Logs/AssetImportWorker0.log
-srvPort
59117
Successfully changed project path to: D:/GitHub/Hedge-Maze-Game
D:/GitHub/Hedge-Maze-Game
Using Asset Import Pipeline V2.
Refreshing native plugins compatible for Editor in 629.10 ms, found 3 plugins.
Preloading 0 native plugins for Editor in 0.00 ms.
Initialize engine version: 2021.1.25f1 (b6f2b893ea32)
[Subsystems] Discovering subsystems at path D:/ProgramFiles/2021.1.25f1/Editor/Data/Resources/UnitySubsystems
[Subsystems] Discovering subsystems at path D:/GitHub/Hedge-Maze-Game/Assets
GfxDevice: creating device client; threaded=0; jobified=0
Direct3D:
    Version:  Direct3D 11.0 [level 11.1]
    Renderer: NVIDIA GeForce GTX 1060 6GB (ID=0x1c03)
    Vendor:   NVIDIA
    VRAM:     6052 MB
    Driver:   27.21.14.5671
Initialize mono
Mono path[0] = 'D:/ProgramFiles/2021.1.25f1/Editor/Data/Managed'
Mono path[1] = 'D:/ProgramFiles/2021.1.25f1/Editor/Data/MonoBleedingEdge/lib/mono/unityjit'
Mono config path = 'D:/ProgramFiles/2021.1.25f1/Editor/Data/MonoBleedingEdge/etc'
Using monoOptions --debugger-agent=transport=dt_socket,embedding=1,server=y,suspend=n,address=127.0.0.1:56344
Begin MonoManager ReloadAssembly
Registering precompiled unity dll's ...
Register platform support module: D:/ProgramFiles/2021.1.25f1/Editor/Data/PlaybackEngines/MacStandaloneSupport/UnityEditor.OSXStandalone.Extensions.dll
Register platform support module: D:/ProgramFiles/2021.1.25f1/Editor/Data/PlaybackEngines/WindowsStandaloneSupport/UnityEditor.WindowsStandalone.Extensions.dll
Registered in 0.002914 seconds.
Native extension for WindowsStandalone target not found
Native extension for OSXStandalone target not found
Refreshing native plugins compatible for Editor in 139.49 ms, found 3 plugins.
Preloading 0 native plugins for Editor in 0.00 ms.
Mono: successfully reloaded assembly
- Completed reload, in  2.021 seconds
Domain Reload Profiling:
	ReloadAssembly (2021ms)
		BeginReloadAssembly (108ms)
			ExecutionOrderSort (0ms)
			DisableScriptedObjects (0ms)
			BackupInstance (0ms)
			ReleaseScriptingObjects (0ms)
			CreateAndSetChildDomain (1ms)
		EndReloadAssembly (873ms)
			LoadAssemblies (108ms)
			RebuildTransferFunctionScriptingTraits (0ms)
			SetupTypeCache (313ms)
			ReleaseScriptCaches (0ms)
			RebuildScriptCaches (49ms)
			SetupLoadedEditorAssemblies (431ms)
				LogAssemblyErrors (0ms)
				InitializePlatformSupportModulesInManaged (13ms)
				SetLoadedEditorAssemblies (0ms)
				RefreshPlugins (140ms)
				BeforeProcessingInitializeOnLoad (4ms)
				ProcessInitializeOnLoadAttributes (225ms)
				ProcessInitializeOnLoadMethodAttributes (49ms)
				AfterProcessingInitializeOnLoad (0ms)
				EditorAssembliesLoaded (0ms)
			ExecutionOrderSort2 (0ms)
			AwakeInstancesAfterBackupRestoration (0ms)
Platform modules already initialized, skipping
Registering precompiled user dll's ...
Registered in 0.007652 seconds.
Begin MonoManager ReloadAssembly
Symbol file LoadedFromMemory doesn't match image D:\GitHub\Hedge-Maze-Game\Library\PackageCache\com.unity.visualscripting@1.6.1\Editor\VisualScripting.Core\Dependencies\YamlDotNet\Unity.VisualScripting.YamlDotNet.dll
Symbol file LoadedFromMemory doesn't match image D:\GitHub\Hedge-Maze-Game\Library\PackageCache\com.unity.visualscripting@1.6.1\Editor\VisualScripting.Core\Dependencies\DotNetZip\Unity.VisualScripting.IonicZip.dll
Native extension for WindowsStandalone target not found
Native extension for OSXStandalone target not found
Refreshing native plugins compatible for Editor in 0.71 ms, found 3 plugins.
Preloading 0 native plugins for Editor in 0.00 ms.
Mono: successfully reloaded assembly
- Completed reload, in  2.043 seconds
Domain Reload Profiling:
	ReloadAssembly (2044ms)
		BeginReloadAssembly (317ms)
			ExecutionOrderSort (0ms)
			DisableScriptedObjects (7ms)
			BackupInstance (0ms)
			ReleaseScriptingObjects (0ms)
			CreateAndSetChildDomain (30ms)
		EndReloadAssembly (1629ms)
			LoadAssemblies (210ms)
			RebuildTransferFunctionScriptingTraits (0ms)
			SetupTypeCache (640ms)
			ReleaseScriptCaches (1ms)
			RebuildScriptCaches (94ms)
			SetupLoadedEditorAssemblies (572ms)
				LogAssemblyErrors (0ms)
				InitializePlatformSupportModulesInManaged (8ms)
				SetLoadedEditorAssemblies (1ms)
				RefreshPlugins (1ms)
				BeforeProcessingInitializeOnLoad (108ms)
				ProcessInitializeOnLoadAttributes (439ms)
				ProcessInitializeOnLoadMethodAttributes (8ms)
				AfterProcessingInitializeOnLoad (7ms)
				EditorAssembliesLoaded (0ms)
			ExecutionOrderSort2 (0ms)
			AwakeInstancesAfterBackupRestoration (12ms)
Platform modules already initialized, skipping
========================================================================
Worker process is ready to serve import requests
Launched and connected shader compiler UnityShaderCompiler.exe after 0.15 seconds
Refreshing native plugins compatible for Editor in 0.71 ms, found 3 plugins.
Preloading 0 native plugins for Editor in 0.00 ms.
Unloading 2998 Unused Serialized files (Serialized files now loaded: 0)
System memory in use before: 110.3 MB.
System memory in use after: 110.5 MB.

Unloading 20 unused Assets to reduce memory usage. Loaded Objects now: 3447.
Total: 4.730500 ms (FindLiveObjects: 0.330600 ms CreateObjectMapping: 0.266300 ms MarkObjects: 4.062900 ms  DeleteObjects: 0.068500 ms)

AssetImportParameters requested are different than current active one (requested -> active):
  custom:framework-win-MediaFoundation: 216162199b28c13a410421893ffa2e32 -> 
  custom:video-decoder-ogg-theora: a1e56fd34408186e4bbccfd4996cb3dc -> 
  custom:container-muxer-webm: aa71ff27fc2769a1b78a27578f13a17b -> 
  custom:container-demuxer-webm: 4f35f7cbe854078d1ac9338744f61a02 -> 
  custom:container-demuxer-ogg: 62fdf1f143b41e24485cea50d1cbac27 -> 
  custom:video-encoder-webm-vp8: eb34c28f22e8b96e1ab97ce403110664 -> 
  custom:video-codec-MediaFoundation-h265: 746d11721c4dcdbdad8f713fa42b33f4 -> 
  custom:video-decoder-webm-vp8: 9c59270c3fd7afecdb556c50c9e8de78 -> 
  custom:audio-decoder-ogg-vorbis: bf7c407c2cedff20999df2af8eb42d56 -> 
  custom:audio-encoder-webm-vorbis: bf7c407c2cedff20999df2af8eb42d56 -> 
========================================================================
Received Import Request.
  path: Assets/Scenes/SampleScene.unity
  artifactKey: Guid(9fc0d4010bbf28b4594072e72b8655ab) Importer(815301076,1909f56bfc062723c751e8b465ee728b)
Start importing Assets/Scenes/SampleScene.unity using Guid(9fc0d4010bbf28b4594072e72b8655ab) Importer(815301076,1909f56bfc062723c751e8b465ee728b)  -> (artifact id: 'e69da5953b5e09678afc0828c404bcb7') in 0.041949 seconds 
========================================================================
Received Import Request.
  Time since last request: 3030.415833 seconds.
  path: Assets/Yughues Natural Modular Maze/Meshes/Tall/mazeWallUnit1Tall.obj
  artifactKey: Guid(3cedefb0085778345ae77f6792af524e) Importer(815301076,1909f56bfc062723c751e8b465ee728b)
Start importing Assets/Yughues Natural Modular Maze/Meshes/Tall/mazeWallUnit1Tall.obj using Guid(3cedefb0085778345ae77f6792af524e) Importer(815301076,1909f56bfc062723c751e8b465ee728b)  -> (artifact id: 'fbf7ba7c01586dfd9a2ab49633f823ec') in 0.633495 seconds 
========================================================================
Received Prepare
Registering precompiled user dll's ...
Registered in 0.005898 seconds.
Begin MonoManager ReloadAssembly
Symbol file LoadedFromMemory doesn't match image D:\GitHub\Hedge-Maze-Game\Library\PackageCache\com.unity.visualscripting@1.6.1\Editor\VisualScripting.Core\Dependencies\YamlDotNet\Unity.VisualScripting.YamlDotNet.dll
Symbol file LoadedFromMemory doesn't match image D:\GitHub\Hedge-Maze-Game\Library\PackageCache\com.unity.visualscripting@1.6.1\Editor\VisualScripting.Core\Dependencies\DotNetZip\Unity.VisualScripting.IonicZip.dll
Native extension for WindowsStandalone target not found
Native extension for OSXStandalone target not found
Refreshing native plugins compatible for Editor in 0.66 ms, found 3 plugins.
Preloading 0 native plugins for Editor in 0.00 ms.
Mono: successfully reloaded assembly
- Completed reload, in  1.669 seconds
Domain Reload Profiling:
	ReloadAssembly (1670ms)
		BeginReloadAssembly (205ms)
			ExecutionOrderSort (0ms)
			DisableScriptedObjects (6ms)
			BackupInstance (0ms)
			ReleaseScriptingObjects (0ms)
			CreateAndSetChildDomain (49ms)
		EndReloadAssembly (1366ms)
			LoadAssemblies (187ms)
			RebuildTransferFunctionScriptingTraits (0ms)
			SetupTypeCache (568ms)
			ReleaseScriptCaches (1ms)
			RebuildScriptCaches (69ms)
			SetupLoadedEditorAssemblies (422ms)
				LogAssemblyErrors (0ms)
				InitializePlatformSupportModulesInManaged (7ms)
				SetLoadedEditorAssemblies (1ms)
				RefreshPlugins (1ms)
				BeforeProcessingInitializeOnLoad (71ms)
				ProcessInitializeOnLoadAttributes (326ms)
				ProcessInitializeOnLoadMethodAttributes (9ms)
				AfterProcessingInitializeOnLoad (6ms)
				EditorAssembliesLoaded (0ms)
			ExecutionOrderSort2 (0ms)
			AwakeInstancesAfterBackupRestoration (12ms)
Platform modules already initialized, skipping
Refreshing native plugins compatible for Editor in 0.69 ms, found 3 plugins.
Preloading 0 native plugins for Editor in 0.00 ms.
Unloading 2992 Unused Serialized files (Serialized files now loaded: 0)
System memory in use before: 114.1 MB.
System memory in use after: 114.3 MB.

Unloading 16 unused Assets to reduce memory usage. Loaded Objects now: 3459.
Total: 6.687900 ms (FindLiveObjects: 0.286900 ms CreateObjectMapping: 0.230500 ms MarkObjects: 6.143600 ms  DeleteObjects: 0.024900 ms)

AssetImportParameters requested are different than current active one (requested -> active):
  custom:framework-win-MediaFoundation: 216162199b28c13a410421893ffa2e32 -> 
  custom:video-decoder-ogg-theora: a1e56fd34408186e4bbccfd4996cb3dc -> 
  custom:container-muxer-webm: aa71ff27fc2769a1b78a27578f13a17b -> 
  custom:container-demuxer-webm: 4f35f7cbe854078d1ac9338744f61a02 -> 
  custom:container-demuxer-ogg: 62fdf1f143b41e24485cea50d1cbac27 -> 
  custom:video-encoder-webm-vp8: eb34c28f22e8b96e1ab97ce403110664 -> 
  custom:video-codec-MediaFoundation-h265: 746d11721c4dcdbdad8f713fa42b33f4 -> 
  custom:video-decoder-webm-vp8: 9c59270c3fd7afecdb556c50c9e8de78 -> 
  custom:audio-decoder-ogg-vorbis: bf7c407c2cedff20999df2af8eb42d56 -> 
  custom:audio-encoder-webm-vorbis: bf7c407c2cedff20999df2af8eb42d56 -> 
========================================================================
Received Import Request.
  Time since last request: 3645.923354 seconds.
  path: Assets/Yughues Natural Modular Maze/Prefabs/Plant/mazePlantTetraThin.prefab
  artifactKey: Guid(2ebd98d47b10d474980ac0136324202c) Importer(815301076,1909f56bfc062723c751e8b465ee728b)
Start importing Assets/Yughues Natural Modular Maze/Prefabs/Plant/mazePlantTetraThin.prefab using Guid(2ebd98d47b10d474980ac0136324202c) Importer(815301076,1909f56bfc062723c751e8b465ee728b)  -> (artifact id: '55191156332ebcaf0d523abf30385df3') in 0.473012 seconds 
========================================================================
Received Import Request.
  Time since last request: 1.517950 seconds.
  path: Assets/Yughues Natural Modular Maze/Prefabs/Plant/mazePlantTetraFat.prefab
  artifactKey: Guid(edee55e92c3705048aa190dbd1acdb4e) Importer(815301076,1909f56bfc062723c751e8b465ee728b)
Start importing Assets/Yughues Natural Modular Maze/Prefabs/Plant/mazePlantTetraFat.prefab using Guid(edee55e92c3705048aa190dbd1acdb4e) Importer(815301076,1909f56bfc062723c751e8b465ee728b)  -> (artifact id: 'e347e76fec135840c4d14ee7bd814138') in 0.052589 seconds 
========================================================================
Received Import Request.
  Time since last request: 1.756960 seconds.
  path: Assets/Yughues Natural Modular Maze/Prefabs/Plant/mazePlantSphereBig.prefab
  artifactKey: Guid(b9150a883b2472743b0b36d366b683c8) Importer(815301076,1909f56bfc062723c751e8b465ee728b)
Start importing Assets/Yughues Natural Modular Maze/Prefabs/Plant/mazePlantSphereBig.prefab using Guid(b9150a883b2472743b0b36d366b683c8) Importer(815301076,1909f56bfc062723c751e8b465ee728b)  -> (artifact id: '0d17a3f3009e4ee432554584a0a792a0') in 0.050070 seconds 
========================================================================
Received Import Request.
  Time since last request: 1.248806 seconds.
  path: Assets/Yughues Natural Modular Maze/Prefabs/Plant/mazePlantSphereSmall.prefab
  artifactKey: Guid(105934fd10716d043bb654e59a8c67cf) Importer(815301076,1909f56bfc062723c751e8b465ee728b)
Start importing Assets/Yughues Natural Modular Maze/Prefabs/Plant/mazePlantSphereSmall.prefab using Guid(105934fd10716d043bb654e59a8c67cf) Importer(815301076,1909f56bfc062723c751e8b465ee728b)  -> (artifact id: 'a61ea6a6a7cce7f693280f1191b97fc2') in 0.052325 seconds 
========================================================================
Received Import Request.
  Time since last request: 0.431369 seconds.
  path: Assets/Yughues Natural Modular Maze/Prefabs/Plant/mazePlantPyramidSmall.prefab
  artifactKey: Guid(c52c3cba23b3e5048a4da0b8fce4ae0c) Importer(815301076,1909f56bfc062723c751e8b465ee728b)
Start importing Assets/Yughues Natural Modular Maze/Prefabs/Plant/mazePlantPyramidSmall.prefab using Guid(c52c3cba23b3e5048a4da0b8fce4ae0c) Importer(815301076,1909f56bfc062723c751e8b465ee728b)  -> (artifact id: '7c27a8ec83a653a4e279fc03273f458f') in 0.054377 seconds 
========================================================================
Received Import Request.
  Time since last request: 0.333065 seconds.
  path: Assets/Yughues Natural Modular Maze/Prefabs/Plant/mazePlantPyramidBig.prefab
  artifactKey: Guid(34743a3b6b5bd1e4b87bae8314ea6010) Importer(815301076,1909f56bfc062723c751e8b465ee728b)
Start importing Assets/Yughues Natural Modular Maze/Prefabs/Plant/mazePlantPyramidBig.prefab using Guid(34743a3b6b5bd1e4b87bae8314ea6010) Importer(815301076,1909f56bfc062723c751e8b465ee728b)  -> (artifact id: '64c0fcab1f372d7e583b0985db9f05af') in 0.051210 seconds 
========================================================================
Received Import Request.
  Time since last request: 226.274329 seconds.
  path: Assets/Yughues Natural Modular Maze/Prefabs/Plant/mazePlantCubeSmall.prefab
  artifactKey: Guid(54ac6c381466d4c4187fb8b54b62be25) Importer(815301076,1909f56bfc062723c751e8b465ee728b)
Start importing Assets/Yughues Natural Modular Maze/Prefabs/Plant/mazePlantCubeSmall.prefab using Guid(54ac6c381466d4c4187fb8b54b62be25) Importer(815301076,1909f56bfc062723c751e8b465ee728b)  -> (artifact id: '308af86e591b14d17f03946eaf53d12a') in 0.378585 seconds 
========================================================================
Received Prepare
Registering precompiled user dll's ...
Registered in 0.004506 seconds.
Begin MonoManager ReloadAssembly
Symbol file LoadedFromMemory doesn't match image D:\GitHub\Hedge-Maze-Game\Library\PackageCache\com.unity.visualscripting@1.6.1\Editor\VisualScripting.Core\Dependencies\YamlDotNet\Unity.VisualScripting.YamlDotNet.dll
Symbol file LoadedFromMemory doesn't match image D:\GitHub\Hedge-Maze-Game\Library\PackageCache\com.unity.visualscripting@1.6.1\Editor\VisualScripting.Core\Dependencies\DotNetZip\Unity.VisualScripting.IonicZip.dll
Native extension for WindowsStandalone target not found
Native extension for OSXStandalone target not found
Refreshing native plugins compatible for Editor in 0.78 ms, found 3 plugins.
Preloading 0 native plugins for Editor in 0.00 ms.
Mono: successfully reloaded assembly
- Completed reload, in  1.377 seconds
Domain Reload Profiling:
	ReloadAssembly (1377ms)
		BeginReloadAssembly (188ms)
			ExecutionOrderSort (0ms)
			DisableScriptedObjects (5ms)
			BackupInstance (0ms)
			ReleaseScriptingObjects (0ms)
			CreateAndSetChildDomain (47ms)
		EndReloadAssembly (1121ms)
			LoadAssemblies (148ms)
			RebuildTransferFunctionScriptingTraits (0ms)
			SetupTypeCache (477ms)
			ReleaseScriptCaches (1ms)
			RebuildScriptCaches (46ms)
			SetupLoadedEditorAssemblies (353ms)
				LogAssemblyErrors (0ms)
				InitializePlatformSupportModulesInManaged (7ms)
				SetLoadedEditorAssemblies (1ms)
				RefreshPlugins (1ms)
				BeforeProcessingInitializeOnLoad (62ms)
				ProcessInitializeOnLoadAttributes (271ms)
				ProcessInitializeOnLoadMethodAttributes (5ms)
				AfterProcessingInitializeOnLoad (5ms)
				EditorAssembliesLoaded (0ms)
			ExecutionOrderSort2 (0ms)
			AwakeInstancesAfterBackupRestoration (8ms)
Platform modules already initialized, skipping
Refreshing native plugins compatible for Editor in 0.64 ms, found 3 plugins.
Preloading 0 native plugins for Editor in 0.00 ms.
Unloading 2992 Unused Serialized files (Serialized files now loaded: 0)
System memory in use before: 114.2 MB.
System memory in use after: 114.4 MB.

Unloading 15 unused Assets to reduce memory usage. Loaded Objects now: 3462.
Total: 3.585900 ms (FindLiveObjects: 0.241900 ms CreateObjectMapping: 0.158700 ms MarkObjects: 3.120600 ms  DeleteObjects: 0.046900 ms)

AssetImportParameters requested are different than current active one (requested -> active):
  custom:framework-win-MediaFoundation: 216162199b28c13a410421893ffa2e32 -> 
  custom:video-decoder-ogg-theora: a1e56fd34408186e4bbccfd4996cb3dc -> 
  custom:container-muxer-webm: aa71ff27fc2769a1b78a27578f13a17b -> 
  custom:container-demuxer-webm: 4f35f7cbe854078d1ac9338744f61a02 -> 
  custom:container-demuxer-ogg: 62fdf1f143b41e24485cea50d1cbac27 -> 
  custom:video-encoder-webm-vp8: eb34c28f22e8b96e1ab97ce403110664 -> 
  custom:video-codec-MediaFoundation-h265: 746d11721c4dcdbdad8f713fa42b33f4 -> 
  custom:video-decoder-webm-vp8: 9c59270c3fd7afecdb556c50c9e8de78 -> 
  custom:audio-decoder-ogg-vorbis: bf7c407c2cedff20999df2af8eb42d56 -> 
  custom:audio-encoder-webm-vorbis: bf7c407c2cedff20999df2af8eb42d56 -> 
AssetImportWorkerClient::OnTransportError - code=2 error=End of file
